<?xml version="1.0" encoding="UTF-8"?>
<testsuite name="transaction.TransactionManagerTest" tests="2" skipped="0" failures="0" errors="0" timestamp="2019-07-27T22:33:35" hostname="MSI" time="0.011">
  <properties/>
  <testcase name="queue_shouldCompleteTask" classname="transaction.TransactionManagerTest" time="0.006"/>
  <testcase name="queue_shouldThrowQueueOverflow" classname="transaction.TransactionManagerTest" time="0.004"/>
  <system-out><![CDATA[]]></system-out>
  <system-err><![CDATA[]]></system-err>
</testsuite>
