<?xml version="1.0" encoding="UTF-8"?>
<testsuite name="transaction.TransactionManagerTest" tests="2" skipped="0" failures="0" errors="0" timestamp="2019-07-31T20:00:26" hostname="MSI" time="0.003">
  <properties/>
  <testcase name="queue_shouldCompleteTask" classname="transaction.TransactionManagerTest" time="0.001"/>
  <testcase name="queue_shouldThrowQueueOverflow" classname="transaction.TransactionManagerTest" time="0.002"/>
  <system-out><![CDATA[]]></system-out>
  <system-err><![CDATA[]]></system-err>
</testsuite>
